<?xml version="1.0" encoding="UTF-8"?>
<testng-results skipped="0" failed="0" ignored="0" total="1" passed="1">
  <reporter-output>
  </reporter-output>
  <suite name="Default suite" duration-ms="2433" started-at="2021-12-01T15:43:02 IST" finished-at="2021-12-01T15:43:04 IST">
    <groups>
    </groups>
    <test name="Default test" duration-ms="2433" started-at="2021-12-01T15:43:02 IST" finished-at="2021-12-01T15:43:04 IST">
      <class name="test.DynamicJson">
        <test-method status="PASS" signature="AddBook()[pri:0, instance:test.DynamicJson@6321e813]" name="AddBook" duration-ms="2396" started-at="2021-12-01T15:43:02 IST" finished-at="2021-12-01T15:43:04 IST">
          <reporter-output>
          </reporter-output>
        </test-method> <!-- AddBook -->
      </class> <!-- test.DynamicJson -->
    </test> <!-- Default test -->
  </suite> <!-- Default suite -->
</testng-results>
